[2019-05-30 12:20:22]: [CSVParser][INFO] - get_CSVheaders function called
[2019-05-30 12:20:22]: [CSVParser][INFO] - _getCSVHeaderData function called
[2019-05-30 12:20:22]: [CSVParser][INFO] - _parseCSV function called
[2019-05-30 12:20:22]: [CSVParser][INFO] - getDelimiter function called
[2019-05-30 12:20:22]: [CSVParser][INFO] - _autoDetectDelimiter function called
[2019-05-30 12:20:22]: [CSVParser][INFO] - _parseCSV function called
[2019-05-30 12:20:22]: [CSVParser][INFO] - getDelimiter function called
[2019-05-30 12:20:22]: [CSVParser][INFO] - _autoDetectDelimiter function called
[2019-05-30 12:20:22]: [CSVParser][INFO] - get_CSVheaders function called
[2019-05-30 12:20:22]: [CSVParser][INFO] - _getCSVHeaderData function called
[2019-05-30 12:20:22]: [CSVParser][INFO] - _parseCSV function called
[2019-05-30 12:20:22]: [CSVParser][INFO] - getDelimiter function called
[2019-05-30 12:20:22]: [CSVParser][INFO] - _autoDetectDelimiter function called
[2019-05-30 12:20:26]: [CSVParser][INFO] - get_CSVheaders function called
[2019-05-30 12:20:26]: [CSVParser][INFO] - _getCSVHeaderData function called
[2019-05-30 12:20:26]: [CSVParser][INFO] - _parseCSV function called
[2019-05-30 12:20:26]: [CSVParser][INFO] - getDelimiter function called
[2019-05-30 12:20:26]: [CSVParser][INFO] - _autoDetectDelimiter function called
[2019-05-30 12:20:26]: [CSVParser][INFO] - _parseCSV function called
[2019-05-30 12:20:26]: [CSVParser][INFO] - getDelimiter function called
[2019-05-30 12:20:26]: [CSVParser][INFO] - _autoDetectDelimiter function called
[2019-05-30 12:20:26]: [CSVParser][INFO] - get_CSVheaders function called
[2019-05-30 12:20:26]: [CSVParser][INFO] - _getCSVHeaderData function called
[2019-05-30 12:20:26]: [CSVParser][INFO] - _parseCSV function called
[2019-05-30 12:20:26]: [CSVParser][INFO] - getDelimiter function called
[2019-05-30 12:20:26]: [CSVParser][INFO] - _autoDetectDelimiter function called
[2019-05-30 12:20:26]: [CSVParser][INFO] - _parseCSV function called
[2019-05-30 12:20:26]: [CSVParser][INFO] - getDelimiter function called
[2019-05-30 12:20:26]: [CSVParser][INFO] - _autoDetectDelimiter function called
[2019-05-30 12:20:26]: [CSVParser][INFO] - get_CSVheaders function called
[2019-05-30 12:20:26]: [CSVParser][INFO] - _getCSVHeaderData function called
[2019-05-30 12:20:26]: [CSVParser][INFO] - _parseCSV function called
[2019-05-30 12:20:26]: [CSVParser][INFO] - getDelimiter function called
[2019-05-30 12:20:26]: [CSVParser][INFO] - _autoDetectDelimiter function called
[2019-05-30 12:20:49]: [CSVParser][INFO] - get_CSVheaders function called
[2019-05-30 12:20:49]: [CSVParser][INFO] - _getCSVHeaderData function called
[2019-05-30 12:20:49]: [CSVParser][INFO] - _parseCSV function called
[2019-05-30 12:20:49]: [CSVParser][INFO] - getDelimiter function called
[2019-05-30 12:20:49]: [CSVParser][INFO] - _autoDetectDelimiter function called
[2019-05-30 12:20:49]: [CSVParser][INFO] - _parseCSV function called
[2019-05-30 12:20:49]: [CSVParser][INFO] - getDelimiter function called
[2019-05-30 12:20:49]: [CSVParser][INFO] - _autoDetectDelimiter function called
[2019-05-30 12:20:49]: [CSVParser][INFO] - get_CSVheaders function called
[2019-05-30 12:20:49]: [CSVParser][INFO] - _getCSVHeaderData function called
[2019-05-30 12:20:49]: [CSVParser][INFO] - _parseCSV function called
[2019-05-30 12:20:50]: [CSVParser][INFO] - getDelimiter function called
[2019-05-30 12:20:50]: [CSVParser][INFO] - _autoDetectDelimiter function called
[2019-05-30 12:20:50]: [CSVParser][INFO] - _parseCSV function called
[2019-05-30 12:20:50]: [CSVParser][INFO] - getDelimiter function called
[2019-05-30 12:20:50]: [CSVParser][INFO] - _autoDetectDelimiter function called
[2019-05-30 12:20:50]: [CSVParser][INFO] - get_CSVheaders function called
[2019-05-30 12:20:50]: [CSVParser][INFO] - _getCSVHeaderData function called
[2019-05-30 12:20:50]: [CSVParser][INFO] - _parseCSV function called
[2019-05-30 12:20:50]: [CSVParser][INFO] - getDelimiter function called
[2019-05-30 12:20:50]: [CSVParser][INFO] - _autoDetectDelimiter function called
[2019-05-30 12:22:38]: [CSVParser][INFO] - get_CSVheaders function called
[2019-05-30 12:22:38]: [CSVParser][INFO] - _getCSVHeaderData function called
[2019-05-30 12:22:38]: [CSVParser][INFO] - _parseCSV function called
[2019-05-30 12:22:38]: [CSVParser][INFO] - getDelimiter function called
[2019-05-30 12:22:38]: [CSVParser][INFO] - _autoDetectDelimiter function called
[2019-05-30 12:22:38]: [CSVParser][INFO] - _parseCSV function called
[2019-05-30 12:22:38]: [CSVParser][INFO] - getDelimiter function called
[2019-05-30 12:22:38]: [CSVParser][INFO] - _autoDetectDelimiter function called
[2019-05-30 12:22:38]: [CSVParser][INFO] - get_CSVheaders function called
[2019-05-30 12:22:38]: [CSVParser][INFO] - _getCSVHeaderData function called
[2019-05-30 12:22:38]: [CSVParser][INFO] - _parseCSV function called
[2019-05-30 12:22:38]: [CSVParser][INFO] - getDelimiter function called
[2019-05-30 12:22:38]: [CSVParser][INFO] - _autoDetectDelimiter function called
[2019-05-30 12:22:38]: [CSVParser][INFO] - _parseCSV function called
[2019-05-30 12:22:38]: [CSVParser][INFO] - getDelimiter function called
[2019-05-30 12:22:38]: [CSVParser][INFO] - _autoDetectDelimiter function called
[2019-05-30 12:22:38]: [CSVParser][INFO] - get_CSVheaders function called
[2019-05-30 12:22:38]: [CSVParser][INFO] - _getCSVHeaderData function called
[2019-05-30 12:22:38]: [CSVParser][INFO] - _parseCSV function called
[2019-05-30 12:22:38]: [CSVParser][INFO] - getDelimiter function called
[2019-05-30 12:22:38]: [CSVParser][INFO] - _autoDetectDelimiter function called
[2019-05-30 12:23:36]: [CSVParser][INFO] - get_CSVheaders function called
[2019-05-30 12:23:36]: [CSVParser][INFO] - _getCSVHeaderData function called
[2019-05-30 12:23:36]: [CSVParser][INFO] - _parseCSV function called
[2019-05-30 12:23:36]: [CSVParser][INFO] - getDelimiter function called
[2019-05-30 12:23:36]: [CSVParser][INFO] - _autoDetectDelimiter function called
[2019-05-30 12:23:36]: [CSVParser][INFO] - _parseCSV function called
[2019-05-30 12:23:36]: [CSVParser][INFO] - getDelimiter function called
[2019-05-30 12:23:36]: [CSVParser][INFO] - _autoDetectDelimiter function called
[2019-05-30 12:23:36]: [CSVParser][INFO] - get_CSVheaders function called
[2019-05-30 12:23:36]: [CSVParser][INFO] - _getCSVHeaderData function called
[2019-05-30 12:23:36]: [CSVParser][INFO] - _parseCSV function called
[2019-05-30 12:23:36]: [CSVParser][INFO] - getDelimiter function called
[2019-05-30 12:23:36]: [CSVParser][INFO] - _autoDetectDelimiter function called
[2019-05-30 12:23:42]: [CSVParser][INFO] - get_CSVheaders function called
[2019-05-30 12:23:42]: [CSVParser][INFO] - _getCSVHeaderData function called
[2019-05-30 12:23:42]: [CSVParser][INFO] - _parseCSV function called
[2019-05-30 12:23:42]: [CSVParser][INFO] - getDelimiter function called
[2019-05-30 12:23:42]: [CSVParser][INFO] - _autoDetectDelimiter function called
[2019-05-30 12:23:42]: [CSVParser][INFO] - _parseCSV function called
[2019-05-30 12:23:42]: [CSVParser][INFO] - getDelimiter function called
[2019-05-30 12:23:42]: [CSVParser][INFO] - _autoDetectDelimiter function called
[2019-05-30 12:23:42]: [CSVParser][INFO] - get_CSVheaders function called
[2019-05-30 12:23:42]: [CSVParser][INFO] - _getCSVHeaderData function called
[2019-05-30 12:23:42]: [CSVParser][INFO] - _parseCSV function called
[2019-05-30 12:23:42]: [CSVParser][INFO] - getDelimiter function called
[2019-05-30 12:23:42]: [CSVParser][INFO] - _autoDetectDelimiter function called
[2019-05-30 12:23:42]: [CSVParser][INFO] - _parseCSV function called
[2019-05-30 12:23:42]: [CSVParser][INFO] - getDelimiter function called
[2019-05-30 12:23:42]: [CSVParser][INFO] - _autoDetectDelimiter function called
[2019-05-30 12:23:42]: [CSVParser][INFO] - get_CSVheaders function called
[2019-05-30 12:23:42]: [CSVParser][INFO] - _getCSVHeaderData function called
[2019-05-30 12:23:42]: [CSVParser][INFO] - _parseCSV function called
[2019-05-30 12:23:42]: [CSVParser][INFO] - getDelimiter function called
[2019-05-30 12:23:42]: [CSVParser][INFO] - _autoDetectDelimiter function called
[2019-05-30 12:24:20]: [CSVParser][INFO] - get_CSVheaders function called
[2019-05-30 12:24:20]: [CSVParser][INFO] - _getCSVHeaderData function called
[2019-05-30 12:24:20]: [CSVParser][INFO] - _parseCSV function called
[2019-05-30 12:24:20]: [CSVParser][INFO] - getDelimiter function called
[2019-05-30 12:24:20]: [CSVParser][INFO] - _autoDetectDelimiter function called
[2019-05-30 12:24:20]: [CSVParser][INFO] - _parseCSV function called
[2019-05-30 12:24:20]: [CSVParser][INFO] - getDelimiter function called
[2019-05-30 12:24:20]: [CSVParser][INFO] - _autoDetectDelimiter function called
[2019-05-30 12:24:20]: [CSVParser][INFO] - get_CSVheaders function called
[2019-05-30 12:24:20]: [CSVParser][INFO] - _getCSVHeaderData function called
[2019-05-30 12:24:20]: [CSVParser][INFO] - _parseCSV function called
[2019-05-30 12:24:20]: [CSVParser][INFO] - getDelimiter function called
[2019-05-30 12:24:20]: [CSVParser][INFO] - _autoDetectDelimiter function called
[2019-05-30 12:24:20]: [CSVParser][INFO] - _parseCSV function called
[2019-05-30 12:24:20]: [CSVParser][INFO] - getDelimiter function called
[2019-05-30 12:24:20]: [CSVParser][INFO] - _autoDetectDelimiter function called
[2019-05-30 12:24:20]: [CSVParser][INFO] - get_CSVheaders function called
[2019-05-30 12:24:20]: [CSVParser][INFO] - _getCSVHeaderData function called
[2019-05-30 12:24:20]: [CSVParser][INFO] - _parseCSV function called
[2019-05-30 12:24:20]: [CSVParser][INFO] - getDelimiter function called
[2019-05-30 12:24:20]: [CSVParser][INFO] - _autoDetectDelimiter function called
[2019-05-30 12:25:15]: [CSVParser][INFO] - get_CSVheaders function called
[2019-05-30 12:25:15]: [CSVParser][INFO] - _getCSVHeaderData function called
[2019-05-30 12:25:15]: [CSVParser][INFO] - _parseCSV function called
[2019-05-30 12:25:15]: [CSVParser][INFO] - getDelimiter function called
[2019-05-30 12:25:15]: [CSVParser][INFO] - _autoDetectDelimiter function called
[2019-05-30 12:25:15]: [CSVParser][INFO] - _parseCSV function called
[2019-05-30 12:25:15]: [CSVParser][INFO] - getDelimiter function called
[2019-05-30 12:25:15]: [CSVParser][INFO] - _autoDetectDelimiter function called
[2019-05-30 12:25:15]: [CSVParser][INFO] - get_CSVheaders function called
[2019-05-30 12:25:15]: [CSVParser][INFO] - _getCSVHeaderData function called
[2019-05-30 12:25:15]: [CSVParser][INFO] - _parseCSV function called
[2019-05-30 12:25:15]: [CSVParser][INFO] - getDelimiter function called
[2019-05-30 12:25:15]: [CSVParser][INFO] - _autoDetectDelimiter function called
[2019-05-30 12:25:15]: [CSVParser][INFO] - _parseCSV function called
[2019-05-30 12:25:15]: [CSVParser][INFO] - getDelimiter function called
[2019-05-30 12:25:15]: [CSVParser][INFO] - _autoDetectDelimiter function called
[2019-05-30 12:25:15]: [CSVParser][INFO] - get_CSVheaders function called
[2019-05-30 12:25:15]: [CSVParser][INFO] - _getCSVHeaderData function called
[2019-05-30 12:25:15]: [CSVParser][INFO] - _parseCSV function called
[2019-05-30 12:25:15]: [CSVParser][INFO] - getDelimiter function called
[2019-05-30 12:25:15]: [CSVParser][INFO] - _autoDetectDelimiter function called
